Analysis & Synthesis report for ula
Fri Mar 11 10:58:36 2022
Quartus Prime Version 18.1.0 Build 625 09/12/2018 SJ Lite Edition


---------------------
; Table of Contents ;
---------------------
  1. Legal Notice
  2. Analysis & Synthesis Summary
  3. Analysis & Synthesis Settings
  4. Parallel Compilation
  5. Analysis & Synthesis Source Files Read
  6. Analysis & Synthesis Resource Usage Summary
  7. Analysis & Synthesis Resource Utilization by Entity
  8. User-Specified and Inferred Latches
  9. General Register Statistics
 10. Multiplexer Restructuring Statistics (Restructuring Performed)
 11. Port Connectivity Checks: "sub_8_bits:port_map_sub|adder_8_bits:A1"
 12. Port Connectivity Checks: "sub_8_bits:port_map_sub"
 13. Port Connectivity Checks: "adder_8_bits:port_map_adder"
 14. Post-Synthesis Netlist Statistics for Top Partition
 15. Elapsed Time Per Partition
 16. Analysis & Synthesis Messages



----------------
; Legal Notice ;
----------------
Copyright (C) 2018  Intel Corporation. All rights reserved.
Your use of Intel Corporation's design tools, logic functions 
and other software and tools, and its AMPP partner logic 
functions, and any output files from any of the foregoing 
(including device programming or simulation files), and any 
associated documentation or information are expressly subject 
to the terms and conditions of the Intel Program License 
Subscription Agreement, the Intel Quartus Prime License Agreement,
the Intel FPGA IP License Agreement, or other applicable license
agreement, including, without limitation, that your use is for
the sole purpose of programming logic devices manufactured by
Intel and sold by Intel or its authorized distributors.  Please
refer to the applicable agreement for further details.



+----------------------------------------------------------------------------------+
; Analysis & Synthesis Summary                                                     ;
+------------------------------------+---------------------------------------------+
; Analysis & Synthesis Status        ; Successful - Fri Mar 11 10:58:36 2022       ;
; Quartus Prime Version              ; 18.1.0 Build 625 09/12/2018 SJ Lite Edition ;
; Revision Name                      ; ula                                         ;
; Top-level Entity Name              ; ula                                         ;
; Family                             ; MAX 10                                      ;
; Total logic elements               ; 289                                         ;
;     Total combinational functions  ; 289                                         ;
;     Dedicated logic registers      ; 0                                           ;
; Total registers                    ; 0                                           ;
; Total pins                         ; 31                                          ;
; Total virtual pins                 ; 0                                           ;
; Total memory bits                  ; 0                                           ;
; Embedded Multiplier 9-bit elements ; 0                                           ;
; Total PLLs                         ; 0                                           ;
; UFM blocks                         ; 0                                           ;
; ADC blocks                         ; 0                                           ;
+------------------------------------+---------------------------------------------+


+------------------------------------------------------------------------------------------------------------+
; Analysis & Synthesis Settings                                                                              ;
+------------------------------------------------------------------+--------------------+--------------------+
; Option                                                           ; Setting            ; Default Value      ;
+------------------------------------------------------------------+--------------------+--------------------+
; Device                                                           ; 10M08DAF484C8G     ;                    ;
; Top-level entity name                                            ; ula                ; ula                ;
; Family name                                                      ; MAX 10             ; Cyclone V          ;
; Use smart compilation                                            ; Off                ; Off                ;
; Enable parallel Assembler and Timing Analyzer during compilation ; On                 ; On                 ;
; Enable compact report table                                      ; Off                ; Off                ;
; Restructure Multiplexers                                         ; Auto               ; Auto               ;
; Create Debugging Nodes for IP Cores                              ; Off                ; Off                ;
; Preserve fewer node names                                        ; On                 ; On                 ;
; Intel FPGA IP Evaluation Mode                                    ; Enable             ; Enable             ;
; Verilog Version                                                  ; Verilog_2001       ; Verilog_2001       ;
; VHDL Version                                                     ; VHDL_1993          ; VHDL_1993          ;
; State Machine Processing                                         ; Auto               ; Auto               ;
; Safe State Machine                                               ; Off                ; Off                ;
; Extract Verilog State Machines                                   ; On                 ; On                 ;
; Extract VHDL State Machines                                      ; On                 ; On                 ;
; Ignore Verilog initial constructs                                ; Off                ; Off                ;
; Iteration limit for constant Verilog loops                       ; 5000               ; 5000               ;
; Iteration limit for non-constant Verilog loops                   ; 250                ; 250                ;
; Add Pass-Through Logic to Inferred RAMs                          ; On                 ; On                 ;
; Infer RAMs from Raw Logic                                        ; On                 ; On                 ;
; Parallel Synthesis                                               ; On                 ; On                 ;
; DSP Block Balancing                                              ; Auto               ; Auto               ;
; NOT Gate Push-Back                                               ; On                 ; On                 ;
; Power-Up Don't Care                                              ; On                 ; On                 ;
; Remove Redundant Logic Cells                                     ; Off                ; Off                ;
; Remove Duplicate Registers                                       ; On                 ; On                 ;
; Ignore CARRY Buffers                                             ; Off                ; Off                ;
; Ignore CASCADE Buffers                                           ; Off                ; Off                ;
; Ignore GLOBAL Buffers                                            ; Off                ; Off                ;
; Ignore ROW GLOBAL Buffers                                        ; Off                ; Off                ;
; Ignore LCELL Buffers                                             ; Off                ; Off                ;
; Ignore SOFT Buffers                                              ; On                 ; On                 ;
; Limit AHDL Integers to 32 Bits                                   ; Off                ; Off                ;
; Optimization Technique                                           ; Balanced           ; Balanced           ;
; Carry Chain Length                                               ; 70                 ; 70                 ;
; Auto Carry Chains                                                ; On                 ; On                 ;
; Auto Open-Drain Pins                                             ; On                 ; On                 ;
; Perform WYSIWYG Primitive Resynthesis                            ; Off                ; Off                ;
; Auto ROM Replacement                                             ; On                 ; On                 ;
; Auto RAM Replacement                                             ; On                 ; On                 ;
; Auto DSP Block Replacement                                       ; On                 ; On                 ;
; Auto Shift Register Replacement                                  ; Auto               ; Auto               ;
; Allow Shift Register Merging across Hierarchies                  ; Auto               ; Auto               ;
; Auto Clock Enable Replacement                                    ; On                 ; On                 ;
; Strict RAM Replacement                                           ; Off                ; Off                ;
; Allow Synchronous Control Signals                                ; On                 ; On                 ;
; Force Use of Synchronous Clear Signals                           ; Off                ; Off                ;
; Auto RAM Block Balancing                                         ; On                 ; On                 ;
; Auto RAM to Logic Cell Conversion                                ; Off                ; Off                ;
; Auto Resource Sharing                                            ; Off                ; Off                ;
; Allow Any RAM Size For Recognition                               ; Off                ; Off                ;
; Allow Any ROM Size For Recognition                               ; Off                ; Off                ;
; Allow Any Shift Register Size For Recognition                    ; Off                ; Off                ;
; Use LogicLock Constraints during Resource Balancing              ; On                 ; On                 ;
; Ignore translate_off and synthesis_off directives                ; Off                ; Off                ;
; Timing-Driven Synthesis                                          ; On                 ; On                 ;
; Report Parameter Settings                                        ; On                 ; On                 ;
; Report Source Assignments                                        ; On                 ; On                 ;
; Report Connectivity Checks                                       ; On                 ; On                 ;
; Ignore Maximum Fan-Out Assignments                               ; Off                ; Off                ;
; Synchronization Register Chain Length                            ; 2                  ; 2                  ;
; Power Optimization During Synthesis                              ; Normal compilation ; Normal compilation ;
; HDL message level                                                ; Level2             ; Level2             ;
; Suppress Register Optimization Related Messages                  ; Off                ; Off                ;
; Number of Removed Registers Reported in Synthesis Report         ; 5000               ; 5000               ;
; Number of Swept Nodes Reported in Synthesis Report               ; 5000               ; 5000               ;
; Number of Inverted Registers Reported in Synthesis Report        ; 100                ; 100                ;
; Clock MUX Protection                                             ; On                 ; On                 ;
; Auto Gated Clock Conversion                                      ; Off                ; Off                ;
; Block Design Naming                                              ; Auto               ; Auto               ;
; SDC constraint protection                                        ; Off                ; Off                ;
; Synthesis Effort                                                 ; Auto               ; Auto               ;
; Shift Register Replacement - Allow Asynchronous Clear Signal     ; On                 ; On                 ;
; Pre-Mapping Resynthesis Optimization                             ; Off                ; Off                ;
; Analysis & Synthesis Message Level                               ; Medium             ; Medium             ;
; Disable Register Merging Across Hierarchies                      ; Auto               ; Auto               ;
; Resource Aware Inference For Block RAM                           ; On                 ; On                 ;
+------------------------------------------------------------------+--------------------+--------------------+


+------------------------------------------+
; Parallel Compilation                     ;
+----------------------------+-------------+
; Processors                 ; Number      ;
+----------------------------+-------------+
; Number detected on machine ; 8           ;
; Maximum allowed            ; 4           ;
;                            ;             ;
; Average used               ; 1.00        ;
; Maximum used               ; 4           ;
;                            ;             ;
; Usage by Processor         ; % Time Used ;
;     Processor 1            ; 100.0%      ;
;     Processor 2            ;   0.0%      ;
;     Processors 3-4         ;   0.0%      ;
+----------------------------+-------------+


+-------------------------------------------------------------------------------------------------------------------------------------------------------------------------------------------------------------+
; Analysis & Synthesis Source Files Read                                                                                                                                                                      ;
+----------------------------------+-----------------+-----------------+----------------------------------------------------------------------------------------------------------------------------+---------+
; File Name with User-Entered Path ; Used in Netlist ; File Type       ; File Name with Absolute Path                                                                                               ; Library ;
+----------------------------------+-----------------+-----------------+----------------------------------------------------------------------------------------------------------------------------+---------+
; ula.vhd                          ; yes             ; User VHDL File  ; C:/Users/gabyb/Projeto_AOC/MarciaGabrielleAOC_Eduardo_Izidorio_Marcia_Gabrielle_UFRR_2022/Componentes/ula/ula.vhd          ;         ;
; temp_zero.vhd                    ; yes             ; User VHDL File  ; C:/Users/gabyb/Projeto_AOC/MarciaGabrielleAOC_Eduardo_Izidorio_Marcia_Gabrielle_UFRR_2022/Componentes/ula/temp_zero.vhd    ;         ;
; adder_8_bits.vhd                 ; yes             ; User VHDL File  ; C:/Users/gabyb/Projeto_AOC/MarciaGabrielleAOC_Eduardo_Izidorio_Marcia_Gabrielle_UFRR_2022/Componentes/ula/adder_8_bits.vhd ;         ;
; sub_8_bits.vhd                   ; yes             ; User VHDL File  ; C:/Users/gabyb/Projeto_AOC/MarciaGabrielleAOC_Eduardo_Izidorio_Marcia_Gabrielle_UFRR_2022/Componentes/ula/sub_8_bits.vhd   ;         ;
; multi.vhd                        ; yes             ; User VHDL File  ; C:/Users/gabyb/Projeto_AOC/MarciaGabrielleAOC_Eduardo_Izidorio_Marcia_Gabrielle_UFRR_2022/Componentes/ula/multi.vhd        ;         ;
; full_adder.vhd                   ; yes             ; User VHDL File  ; C:/Users/gabyb/Projeto_AOC/MarciaGabrielleAOC_Eduardo_Izidorio_Marcia_Gabrielle_UFRR_2022/Componentes/ula/full_adder.vhd   ;         ;
; half_adder.vhd                   ; yes             ; User VHDL File  ; C:/Users/gabyb/Projeto_AOC/MarciaGabrielleAOC_Eduardo_Izidorio_Marcia_Gabrielle_UFRR_2022/Componentes/ula/half_adder.vhd   ;         ;
+----------------------------------+-----------------+-----------------+----------------------------------------------------------------------------------------------------------------------------+---------+


+------------------------------------------------------------------+
; Analysis & Synthesis Resource Usage Summary                      ;
+---------------------------------------------+--------------------+
; Resource                                    ; Usage              ;
+---------------------------------------------+--------------------+
; Estimated Total logic elements              ; 289                ;
;                                             ;                    ;
; Total combinational functions               ; 289                ;
; Logic element usage by number of LUT inputs ;                    ;
;     -- 4 input functions                    ; 133                ;
;     -- 3 input functions                    ; 120                ;
;     -- <=2 input functions                  ; 36                 ;
;                                             ;                    ;
; Logic elements by mode                      ;                    ;
;     -- normal mode                          ; 190                ;
;     -- arithmetic mode                      ; 99                 ;
;                                             ;                    ;
; Total registers                             ; 0                  ;
;     -- Dedicated logic registers            ; 0                  ;
;     -- I/O registers                        ; 0                  ;
;                                             ;                    ;
; I/O pins                                    ; 31                 ;
;                                             ;                    ;
; Embedded Multiplier 9-bit elements          ; 0                  ;
;                                             ;                    ;
; Maximum fan-out node                        ; in_port_B[1]~input ;
; Maximum fan-out                             ; 36                 ;
; Total fan-out                               ; 1004               ;
; Average fan-out                             ; 2.86               ;
+---------------------------------------------+--------------------+


+-------------------------------------------------------------------------------------------------------------------------------------------------------------------------------------------------------------------------------------------------------------------------------------------------+
; Analysis & Synthesis Resource Utilization by Entity                                                                                                                                                                                                                                             ;
+----------------------------------+---------------------+---------------------------+-------------+------------+--------------+---------+-----------+------+--------------+------------+---------------------------------------------------------------------------+--------------+--------------+
; Compilation Hierarchy Node       ; Combinational ALUTs ; Dedicated Logic Registers ; Memory Bits ; UFM Blocks ; DSP Elements ; DSP 9x9 ; DSP 18x18 ; Pins ; Virtual Pins ; ADC blocks ; Full Hierarchy Name                                                       ; Entity Name  ; Library Name ;
+----------------------------------+---------------------+---------------------------+-------------+------------+--------------+---------+-----------+------+--------------+------------+---------------------------------------------------------------------------+--------------+--------------+
; |ula                             ; 289 (63)            ; 0 (0)                     ; 0           ; 0          ; 0            ; 0       ; 0         ; 31   ; 0            ; 0          ; |ula                                                                      ; ula          ; work         ;
;    |adder_8_bits:port_map_adder| ; 6 (0)               ; 0 (0)                     ; 0           ; 0          ; 0            ; 0       ; 0         ; 0    ; 0            ; 0          ; |ula|adder_8_bits:port_map_adder                                          ; adder_8_bits ; work         ;
;       |full_adder:A1|            ; 1 (1)               ; 0 (0)                     ; 0           ; 0          ; 0            ; 0       ; 0         ; 0    ; 0            ; 0          ; |ula|adder_8_bits:port_map_adder|full_adder:A1                            ; full_adder   ; work         ;
;       |full_adder:A2|            ; 1 (1)               ; 0 (0)                     ; 0           ; 0          ; 0            ; 0       ; 0         ; 0    ; 0            ; 0          ; |ula|adder_8_bits:port_map_adder|full_adder:A2                            ; full_adder   ; work         ;
;       |full_adder:A3|            ; 1 (1)               ; 0 (0)                     ; 0           ; 0          ; 0            ; 0       ; 0         ; 0    ; 0            ; 0          ; |ula|adder_8_bits:port_map_adder|full_adder:A3                            ; full_adder   ; work         ;
;       |full_adder:A4|            ; 1 (1)               ; 0 (0)                     ; 0           ; 0          ; 0            ; 0       ; 0         ; 0    ; 0            ; 0          ; |ula|adder_8_bits:port_map_adder|full_adder:A4                            ; full_adder   ; work         ;
;       |full_adder:A5|            ; 1 (1)               ; 0 (0)                     ; 0           ; 0          ; 0            ; 0       ; 0         ; 0    ; 0            ; 0          ; |ula|adder_8_bits:port_map_adder|full_adder:A5                            ; full_adder   ; work         ;
;       |full_adder:A7|            ; 1 (0)               ; 0 (0)                     ; 0           ; 0          ; 0            ; 0       ; 0         ; 0    ; 0            ; 0          ; |ula|adder_8_bits:port_map_adder|full_adder:A7                            ; full_adder   ; work         ;
;          |half_adder:ha2|        ; 1 (1)               ; 0 (0)                     ; 0           ; 0          ; 0            ; 0       ; 0         ; 0    ; 0            ; 0          ; |ula|adder_8_bits:port_map_adder|full_adder:A7|half_adder:ha2             ; half_adder   ; work         ;
;    |multi:port_map_multi|        ; 213 (213)           ; 0 (0)                     ; 0           ; 0          ; 0            ; 0       ; 0         ; 0    ; 0            ; 0          ; |ula|multi:port_map_multi                                                 ; multi        ; work         ;
;    |sub_8_bits:port_map_sub|     ; 7 (0)               ; 0 (0)                     ; 0           ; 0          ; 0            ; 0       ; 0         ; 0    ; 0            ; 0          ; |ula|sub_8_bits:port_map_sub                                              ; sub_8_bits   ; work         ;
;       |adder_8_bits:A1|          ; 7 (0)               ; 0 (0)                     ; 0           ; 0          ; 0            ; 0       ; 0         ; 0    ; 0            ; 0          ; |ula|sub_8_bits:port_map_sub|adder_8_bits:A1                              ; adder_8_bits ; work         ;
;          |full_adder:A1|         ; 1 (1)               ; 0 (0)                     ; 0           ; 0          ; 0            ; 0       ; 0         ; 0    ; 0            ; 0          ; |ula|sub_8_bits:port_map_sub|adder_8_bits:A1|full_adder:A1                ; full_adder   ; work         ;
;          |full_adder:A2|         ; 1 (1)               ; 0 (0)                     ; 0           ; 0          ; 0            ; 0       ; 0         ; 0    ; 0            ; 0          ; |ula|sub_8_bits:port_map_sub|adder_8_bits:A1|full_adder:A2                ; full_adder   ; work         ;
;          |full_adder:A3|         ; 1 (1)               ; 0 (0)                     ; 0           ; 0          ; 0            ; 0       ; 0         ; 0    ; 0            ; 0          ; |ula|sub_8_bits:port_map_sub|adder_8_bits:A1|full_adder:A3                ; full_adder   ; work         ;
;          |full_adder:A4|         ; 1 (1)               ; 0 (0)                     ; 0           ; 0          ; 0            ; 0       ; 0         ; 0    ; 0            ; 0          ; |ula|sub_8_bits:port_map_sub|adder_8_bits:A1|full_adder:A4                ; full_adder   ; work         ;
;          |full_adder:A5|         ; 1 (1)               ; 0 (0)                     ; 0           ; 0          ; 0            ; 0       ; 0         ; 0    ; 0            ; 0          ; |ula|sub_8_bits:port_map_sub|adder_8_bits:A1|full_adder:A5                ; full_adder   ; work         ;
;          |full_adder:A7|         ; 2 (0)               ; 0 (0)                     ; 0           ; 0          ; 0            ; 0       ; 0         ; 0    ; 0            ; 0          ; |ula|sub_8_bits:port_map_sub|adder_8_bits:A1|full_adder:A7                ; full_adder   ; work         ;
;             |half_adder:ha2|     ; 2 (2)               ; 0 (0)                     ; 0           ; 0          ; 0            ; 0       ; 0         ; 0    ; 0            ; 0          ; |ula|sub_8_bits:port_map_sub|adder_8_bits:A1|full_adder:A7|half_adder:ha2 ; half_adder   ; work         ;
+----------------------------------+---------------------+---------------------------+-------------+------------+--------------+---------+-----------+------+--------------+------------+---------------------------------------------------------------------------+--------------+--------------+
Note: For table entries with two numbers listed, the numbers in parentheses indicate the number of resources of the given type used by the specific entity alone. The numbers listed outside of parentheses indicate the total resources of the given type used by the specific entity and all of its sub-entities in the hierarchy.


+---------------------------------------------------------------------------------------------------+
; User-Specified and Inferred Latches                                                               ;
+----------------------------------------------------+---------------------+------------------------+
; Latch Name                                         ; Latch Enable Signal ; Free of Timing Hazards ;
+----------------------------------------------------+---------------------+------------------------+
; zero$latch                                         ; Mux0                ; yes                    ;
; overflow$latch                                     ; Mux13               ; yes                    ;
; in_temp_zero                                       ; Mux2                ; yes                    ;
; Number of user-specified and inferred latches = 3  ;                     ;                        ;
+----------------------------------------------------+---------------------+------------------------+
Note: All latches listed above may not be present at the end of synthesis due to various synthesis optimizations.


+------------------------------------------------------+
; General Register Statistics                          ;
+----------------------------------------------+-------+
; Statistic                                    ; Value ;
+----------------------------------------------+-------+
; Total registers                              ; 0     ;
; Number of registers using Synchronous Clear  ; 0     ;
; Number of registers using Synchronous Load   ; 0     ;
; Number of registers using Asynchronous Clear ; 0     ;
; Number of registers using Asynchronous Load  ; 0     ;
; Number of registers using Clock Enable       ; 0     ;
; Number of registers using Preset             ; 0     ;
+----------------------------------------------+-------+


+-------------------------------------------------------------------------------------------------------------------------------------------------+
; Multiplexer Restructuring Statistics (Restructuring Performed)                                                                                  ;
+--------------------+-----------+---------------+----------------------+------------------------+------------+-----------------------------------+
; Multiplexer Inputs ; Bus Width ; Baseline Area ; Area if Restructured ; Saving if Restructured ; Registered ; Example Multiplexer Output        ;
+--------------------+-----------+---------------+----------------------+------------------------+------------+-----------------------------------+
; 3:1                ; 7 bits    ; 14 LEs        ; 14 LEs               ; 0 LEs                  ; No         ; |ula|multi:port_map_multi|produto ;
; 3:1                ; 7 bits    ; 14 LEs        ; 14 LEs               ; 0 LEs                  ; No         ; |ula|multi:port_map_multi|produto ;
; 3:1                ; 7 bits    ; 14 LEs        ; 14 LEs               ; 0 LEs                  ; No         ; |ula|multi:port_map_multi|produto ;
; 3:1                ; 7 bits    ; 14 LEs        ; 14 LEs               ; 0 LEs                  ; No         ; |ula|multi:port_map_multi|produto ;
; 3:1                ; 7 bits    ; 14 LEs        ; 14 LEs               ; 0 LEs                  ; No         ; |ula|multi:port_map_multi|produto ;
; 3:1                ; 7 bits    ; 14 LEs        ; 14 LEs               ; 0 LEs                  ; No         ; |ula|multi:port_map_multi|produto ;
+--------------------+-----------+---------------+----------------------+------------------------+------------+-----------------------------------+


+---------------------------------------------------------------------+
; Port Connectivity Checks: "sub_8_bits:port_map_sub|adder_8_bits:A1" ;
+-------+-------+----------+------------------------------------------+
; Port  ; Type  ; Severity ; Details                                  ;
+-------+-------+----------+------------------------------------------+
; sinal ; Input ; Info     ; Stuck at VCC                             ;
+-------+-------+----------+------------------------------------------+


+----------------------------------------------------------------------------------------------------------------+
; Port Connectivity Checks: "sub_8_bits:port_map_sub"                                                            ;
+------+--------+----------+-------------------------------------------------------------------------------------+
; Port ; Type   ; Severity ; Details                                                                             ;
+------+--------+----------+-------------------------------------------------------------------------------------+
; cout ; Output ; Info     ; Connected to dangling logic. Logic that only feeds a dangling port will be removed. ;
+------+--------+----------+-------------------------------------------------------------------------------------+


+---------------------------------------------------------+
; Port Connectivity Checks: "adder_8_bits:port_map_adder" ;
+-------+-------+----------+------------------------------+
; Port  ; Type  ; Severity ; Details                      ;
+-------+-------+----------+------------------------------+
; sinal ; Input ; Info     ; Stuck at GND                 ;
+-------+-------+----------+------------------------------+


+-----------------------------------------------------+
; Post-Synthesis Netlist Statistics for Top Partition ;
+-----------------------+-----------------------------+
; Type                  ; Count                       ;
+-----------------------+-----------------------------+
; boundary_port         ; 31                          ;
; cycloneiii_lcell_comb ; 289                         ;
;     arith             ; 99                          ;
;         2 data inputs ; 7                           ;
;         3 data inputs ; 92                          ;
;     normal            ; 190                         ;
;         1 data inputs ; 1                           ;
;         2 data inputs ; 28                          ;
;         3 data inputs ; 28                          ;
;         4 data inputs ; 133                         ;
;                       ;                             ;
; Max LUT depth         ; 26.10                       ;
; Average LUT depth     ; 21.42                       ;
+-----------------------+-----------------------------+


+-------------------------------+
; Elapsed Time Per Partition    ;
+----------------+--------------+
; Partition Name ; Elapsed Time ;
+----------------+--------------+
; Top            ; 00:00:05     ;
+----------------+--------------+


+-------------------------------+
; Analysis & Synthesis Messages ;
+-------------------------------+
Info: *******************************************************************
Info: Running Quartus Prime Analysis & Synthesis
    Info: Version 18.1.0 Build 625 09/12/2018 SJ Lite Edition
    Info: Processing started: Fri Mar 11 10:58:10 2022
Info: Command: quartus_map --read_settings_files=on --write_settings_files=off ula -c ula
Warning (18236): Number of processors has not been specified which may cause overloading on shared machines.  Set the global assignment NUM_PARALLEL_PROCESSORS in your QSF to an appropriate value for best performance.
Info (20030): Parallel compilation is enabled and will use 4 of the 4 processors detected
Info (12021): Found 2 design units, including 1 entities, in source file ula.vhd
    Info (12022): Found design unit 1: ula-behavior File: C:/Users/gabyb/Projeto_AOC/MarciaGabrielleAOC_Eduardo_Izidorio_Marcia_Gabrielle_UFRR_2022/Componentes/ula/ula.vhd Line: 16
    Info (12023): Found entity 1: ula File: C:/Users/gabyb/Projeto_AOC/MarciaGabrielleAOC_Eduardo_Izidorio_Marcia_Gabrielle_UFRR_2022/Componentes/ula/ula.vhd Line: 4
Info (12021): Found 2 design units, including 1 entities, in source file temp_zero.vhd
    Info (12022): Found design unit 1: temp_zero-behavior File: C:/Users/gabyb/Projeto_AOC/MarciaGabrielleAOC_Eduardo_Izidorio_Marcia_Gabrielle_UFRR_2022/Componentes/ula/temp_zero.vhd Line: 11
    Info (12023): Found entity 1: temp_zero File: C:/Users/gabyb/Projeto_AOC/MarciaGabrielleAOC_Eduardo_Izidorio_Marcia_Gabrielle_UFRR_2022/Componentes/ula/temp_zero.vhd Line: 4
Info (12021): Found 2 design units, including 1 entities, in source file adder_8_bits.vhd
    Info (12022): Found design unit 1: adder_8_bits-behavior File: C:/Users/gabyb/Projeto_AOC/MarciaGabrielleAOC_Eduardo_Izidorio_Marcia_Gabrielle_UFRR_2022/Componentes/ula/adder_8_bits.vhd Line: 14
    Info (12023): Found entity 1: adder_8_bits File: C:/Users/gabyb/Projeto_AOC/MarciaGabrielleAOC_Eduardo_Izidorio_Marcia_Gabrielle_UFRR_2022/Componentes/ula/adder_8_bits.vhd Line: 4
Info (12021): Found 2 design units, including 1 entities, in source file sub_8_bits.vhd
    Info (12022): Found design unit 1: sub_8_bits-behavior File: C:/Users/gabyb/Projeto_AOC/MarciaGabrielleAOC_Eduardo_Izidorio_Marcia_Gabrielle_UFRR_2022/Componentes/ula/sub_8_bits.vhd Line: 13
    Info (12023): Found entity 1: sub_8_bits File: C:/Users/gabyb/Projeto_AOC/MarciaGabrielleAOC_Eduardo_Izidorio_Marcia_Gabrielle_UFRR_2022/Componentes/ula/sub_8_bits.vhd Line: 4
Info (12021): Found 2 design units, including 1 entities, in source file multi.vhd
    Info (12022): Found design unit 1: multi-behavior File: C:/Users/gabyb/Projeto_AOC/MarciaGabrielleAOC_Eduardo_Izidorio_Marcia_Gabrielle_UFRR_2022/Componentes/ula/multi.vhd Line: 13
    Info (12023): Found entity 1: multi File: C:/Users/gabyb/Projeto_AOC/MarciaGabrielleAOC_Eduardo_Izidorio_Marcia_Gabrielle_UFRR_2022/Componentes/ula/multi.vhd Line: 5
Info (12021): Found 2 design units, including 1 entities, in source file full_adder.vhd
    Info (12022): Found design unit 1: full_adder-behavior File: C:/Users/gabyb/Projeto_AOC/MarciaGabrielleAOC_Eduardo_Izidorio_Marcia_Gabrielle_UFRR_2022/Componentes/ula/full_adder.vhd Line: 14
    Info (12023): Found entity 1: full_adder File: C:/Users/gabyb/Projeto_AOC/MarciaGabrielleAOC_Eduardo_Izidorio_Marcia_Gabrielle_UFRR_2022/Componentes/ula/full_adder.vhd Line: 4
Info (12021): Found 2 design units, including 1 entities, in source file half_adder.vhd
    Info (12022): Found design unit 1: half_adder-behavior File: C:/Users/gabyb/Projeto_AOC/MarciaGabrielleAOC_Eduardo_Izidorio_Marcia_Gabrielle_UFRR_2022/Componentes/ula/half_adder.vhd Line: 13
    Info (12023): Found entity 1: half_adder File: C:/Users/gabyb/Projeto_AOC/MarciaGabrielleAOC_Eduardo_Izidorio_Marcia_Gabrielle_UFRR_2022/Componentes/ula/half_adder.vhd Line: 4
Info (12127): Elaborating entity "ula" for the top level hierarchy
Warning (10036): Verilog HDL or VHDL warning at ula.vhd(63): object "temp_overflow_sub" assigned a value but never read File: C:/Users/gabyb/Projeto_AOC/MarciaGabrielleAOC_Eduardo_Izidorio_Marcia_Gabrielle_UFRR_2022/Componentes/ula/ula.vhd Line: 63
Warning (10492): VHDL Process Statement warning at ula.vhd(72): signal "ula_op" is read inside the Process Statement but isn't in the Process Statement's sensitivity list File: C:/Users/gabyb/Projeto_AOC/MarciaGabrielleAOC_Eduardo_Izidorio_Marcia_Gabrielle_UFRR_2022/Componentes/ula/ula.vhd Line: 72
Warning (10492): VHDL Process Statement warning at ula.vhd(74): signal "result_adder" is read inside the Process Statement but isn't in the Process Statement's sensitivity list File: C:/Users/gabyb/Projeto_AOC/MarciaGabrielleAOC_Eduardo_Izidorio_Marcia_Gabrielle_UFRR_2022/Componentes/ula/ula.vhd Line: 74
Warning (10492): VHDL Process Statement warning at ula.vhd(75): signal "temp_overflow_adder" is read inside the Process Statement but isn't in the Process Statement's sensitivity list File: C:/Users/gabyb/Projeto_AOC/MarciaGabrielleAOC_Eduardo_Izidorio_Marcia_Gabrielle_UFRR_2022/Componentes/ula/ula.vhd Line: 75
Warning (10492): VHDL Process Statement warning at ula.vhd(78): signal "result_adder" is read inside the Process Statement but isn't in the Process Statement's sensitivity list File: C:/Users/gabyb/Projeto_AOC/MarciaGabrielleAOC_Eduardo_Izidorio_Marcia_Gabrielle_UFRR_2022/Componentes/ula/ula.vhd Line: 78
Warning (10492): VHDL Process Statement warning at ula.vhd(79): signal "temp_overflow_adder" is read inside the Process Statement but isn't in the Process Statement's sensitivity list File: C:/Users/gabyb/Projeto_AOC/MarciaGabrielleAOC_Eduardo_Izidorio_Marcia_Gabrielle_UFRR_2022/Componentes/ula/ula.vhd Line: 79
Warning (10492): VHDL Process Statement warning at ula.vhd(82): signal "result_sub" is read inside the Process Statement but isn't in the Process Statement's sensitivity list File: C:/Users/gabyb/Projeto_AOC/MarciaGabrielleAOC_Eduardo_Izidorio_Marcia_Gabrielle_UFRR_2022/Componentes/ula/ula.vhd Line: 82
Warning (10492): VHDL Process Statement warning at ula.vhd(85): signal "result_sub" is read inside the Process Statement but isn't in the Process Statement's sensitivity list File: C:/Users/gabyb/Projeto_AOC/MarciaGabrielleAOC_Eduardo_Izidorio_Marcia_Gabrielle_UFRR_2022/Componentes/ula/ula.vhd Line: 85
Warning (10492): VHDL Process Statement warning at ula.vhd(88): signal "in_port_A" is read inside the Process Statement but isn't in the Process Statement's sensitivity list File: C:/Users/gabyb/Projeto_AOC/MarciaGabrielleAOC_Eduardo_Izidorio_Marcia_Gabrielle_UFRR_2022/Componentes/ula/ula.vhd Line: 88
Warning (10492): VHDL Process Statement warning at ula.vhd(91): signal "in_port_A" is read inside the Process Statement but isn't in the Process Statement's sensitivity list File: C:/Users/gabyb/Projeto_AOC/MarciaGabrielleAOC_Eduardo_Izidorio_Marcia_Gabrielle_UFRR_2022/Componentes/ula/ula.vhd Line: 91
Warning (10492): VHDL Process Statement warning at ula.vhd(94): signal "in_port_B" is read inside the Process Statement but isn't in the Process Statement's sensitivity list File: C:/Users/gabyb/Projeto_AOC/MarciaGabrielleAOC_Eduardo_Izidorio_Marcia_Gabrielle_UFRR_2022/Componentes/ula/ula.vhd Line: 94
Warning (10492): VHDL Process Statement warning at ula.vhd(97): signal "in_port_B" is read inside the Process Statement but isn't in the Process Statement's sensitivity list File: C:/Users/gabyb/Projeto_AOC/MarciaGabrielleAOC_Eduardo_Izidorio_Marcia_Gabrielle_UFRR_2022/Componentes/ula/ula.vhd Line: 97
Warning (10492): VHDL Process Statement warning at ula.vhd(100): signal "out_temp_zero" is read inside the Process Statement but isn't in the Process Statement's sensitivity list File: C:/Users/gabyb/Projeto_AOC/MarciaGabrielleAOC_Eduardo_Izidorio_Marcia_Gabrielle_UFRR_2022/Componentes/ula/ula.vhd Line: 100
Warning (10492): VHDL Process Statement warning at ula.vhd(108): signal "out_temp_zero" is read inside the Process Statement but isn't in the Process Statement's sensitivity list File: C:/Users/gabyb/Projeto_AOC/MarciaGabrielleAOC_Eduardo_Izidorio_Marcia_Gabrielle_UFRR_2022/Componentes/ula/ula.vhd Line: 108
Warning (10492): VHDL Process Statement warning at ula.vhd(116): signal "in_port_A" is read inside the Process Statement but isn't in the Process Statement's sensitivity list File: C:/Users/gabyb/Projeto_AOC/MarciaGabrielleAOC_Eduardo_Izidorio_Marcia_Gabrielle_UFRR_2022/Componentes/ula/ula.vhd Line: 116
Warning (10492): VHDL Process Statement warning at ula.vhd(116): signal "in_port_B" is read inside the Process Statement but isn't in the Process Statement's sensitivity list File: C:/Users/gabyb/Projeto_AOC/MarciaGabrielleAOC_Eduardo_Izidorio_Marcia_Gabrielle_UFRR_2022/Componentes/ula/ula.vhd Line: 116
Warning (10492): VHDL Process Statement warning at ula.vhd(124): signal "out_multi" is read inside the Process Statement but isn't in the Process Statement's sensitivity list File: C:/Users/gabyb/Projeto_AOC/MarciaGabrielleAOC_Eduardo_Izidorio_Marcia_Gabrielle_UFRR_2022/Componentes/ula/ula.vhd Line: 124
Warning (10492): VHDL Process Statement warning at ula.vhd(125): signal "out_multi" is read inside the Process Statement but isn't in the Process Statement's sensitivity list File: C:/Users/gabyb/Projeto_AOC/MarciaGabrielleAOC_Eduardo_Izidorio_Marcia_Gabrielle_UFRR_2022/Componentes/ula/ula.vhd Line: 125
Warning (10631): VHDL Process Statement warning at ula.vhd(70): inferring latch(es) for signal or variable "overflow", which holds its previous value in one or more paths through the process File: C:/Users/gabyb/Projeto_AOC/MarciaGabrielleAOC_Eduardo_Izidorio_Marcia_Gabrielle_UFRR_2022/Componentes/ula/ula.vhd Line: 70
Warning (10631): VHDL Process Statement warning at ula.vhd(70): inferring latch(es) for signal or variable "zero", which holds its previous value in one or more paths through the process File: C:/Users/gabyb/Projeto_AOC/MarciaGabrielleAOC_Eduardo_Izidorio_Marcia_Gabrielle_UFRR_2022/Componentes/ula/ula.vhd Line: 70
Warning (10631): VHDL Process Statement warning at ula.vhd(70): inferring latch(es) for signal or variable "in_temp_zero", which holds its previous value in one or more paths through the process File: C:/Users/gabyb/Projeto_AOC/MarciaGabrielleAOC_Eduardo_Izidorio_Marcia_Gabrielle_UFRR_2022/Componentes/ula/ula.vhd Line: 70
Info (10041): Inferred latch for "in_temp_zero" at ula.vhd(70) File: C:/Users/gabyb/Projeto_AOC/MarciaGabrielleAOC_Eduardo_Izidorio_Marcia_Gabrielle_UFRR_2022/Componentes/ula/ula.vhd Line: 70
Info (10041): Inferred latch for "zero" at ula.vhd(70) File: C:/Users/gabyb/Projeto_AOC/MarciaGabrielleAOC_Eduardo_Izidorio_Marcia_Gabrielle_UFRR_2022/Componentes/ula/ula.vhd Line: 70
Info (10041): Inferred latch for "overflow" at ula.vhd(70) File: C:/Users/gabyb/Projeto_AOC/MarciaGabrielleAOC_Eduardo_Izidorio_Marcia_Gabrielle_UFRR_2022/Componentes/ula/ula.vhd Line: 70
Info (12128): Elaborating entity "temp_zero" for hierarchy "temp_zero:port_map_temp_zero" File: C:/Users/gabyb/Projeto_AOC/MarciaGabrielleAOC_Eduardo_Izidorio_Marcia_Gabrielle_UFRR_2022/Componentes/ula/ula.vhd Line: 66
Info (12128): Elaborating entity "multi" for hierarchy "multi:port_map_multi" File: C:/Users/gabyb/Projeto_AOC/MarciaGabrielleAOC_Eduardo_Izidorio_Marcia_Gabrielle_UFRR_2022/Componentes/ula/ula.vhd Line: 67
Info (12128): Elaborating entity "adder_8_bits" for hierarchy "adder_8_bits:port_map_adder" File: C:/Users/gabyb/Projeto_AOC/MarciaGabrielleAOC_Eduardo_Izidorio_Marcia_Gabrielle_UFRR_2022/Componentes/ula/ula.vhd Line: 68
Info (12128): Elaborating entity "full_adder" for hierarchy "adder_8_bits:port_map_adder|full_adder:A0" File: C:/Users/gabyb/Projeto_AOC/MarciaGabrielleAOC_Eduardo_Izidorio_Marcia_Gabrielle_UFRR_2022/Componentes/ula/adder_8_bits.vhd Line: 29
Info (12128): Elaborating entity "half_adder" for hierarchy "adder_8_bits:port_map_adder|full_adder:A0|half_adder:ha1" File: C:/Users/gabyb/Projeto_AOC/MarciaGabrielleAOC_Eduardo_Izidorio_Marcia_Gabrielle_UFRR_2022/Componentes/ula/full_adder.vhd Line: 28
Info (12128): Elaborating entity "sub_8_bits" for hierarchy "sub_8_bits:port_map_sub" File: C:/Users/gabyb/Projeto_AOC/MarciaGabrielleAOC_Eduardo_Izidorio_Marcia_Gabrielle_UFRR_2022/Componentes/ula/ula.vhd Line: 69
Warning (13012): Latch overflow$latch has unsafe behavior File: C:/Users/gabyb/Projeto_AOC/MarciaGabrielleAOC_Eduardo_Izidorio_Marcia_Gabrielle_UFRR_2022/Componentes/ula/ula.vhd Line: 70
    Warning (13013): Ports D and ENA on the latch are fed by the same signal ula_op[1] File: C:/Users/gabyb/Projeto_AOC/MarciaGabrielleAOC_Eduardo_Izidorio_Marcia_Gabrielle_UFRR_2022/Componentes/ula/ula.vhd Line: 7
Info (286030): Timing-Driven Synthesis is running
Info (16010): Generating hard_block partition "hard_block:auto_generated_inst"
    Info (16011): Adding 0 node(s), including 0 DDIO, 0 PLL, 0 transceiver and 0 LCELL
Warning (21074): Design contains 1 input pin(s) that do not drive logic
    Warning (15610): No output dependent on input pin "clock" File: C:/Users/gabyb/Projeto_AOC/MarciaGabrielleAOC_Eduardo_Izidorio_Marcia_Gabrielle_UFRR_2022/Componentes/ula/ula.vhd Line: 6
Info (21057): Implemented 320 device resources after synthesis - the final resource count might be different
    Info (21058): Implemented 21 input pins
    Info (21059): Implemented 10 output pins
    Info (21061): Implemented 289 logic cells
Info: Quartus Prime Analysis & Synthesis was successful. 0 errors, 26 warnings
    Info: Peak virtual memory: 4796 megabytes
    Info: Processing ended: Fri Mar 11 10:58:36 2022
    Info: Elapsed time: 00:00:26
    Info: Total CPU time (on all processors): 00:00:45


